
/home/runner/work/exp-measurement-taper-using-sine-bar-iitkgp/exp-measurement-taper-using-sine-bar-iitkgp/experiment/simulation/js/sinebar.js
    8:1   warning  '$' is not defined                       no-undef
    9:3   warning  '$' is not defined                       no-undef
   10:5   warning  '$' is not defined                       no-undef
   13:1   warning  '$' is not defined                       no-undef
   14:3   warning  '$' is not defined                       no-undef
   17:5   warning  '$' is not defined                       no-undef
   26:10  warning  'changeImg1' is defined but never used   no-unused-vars
   36:10  warning  'changeImg2' is defined but never used   no-unused-vars
   48:10  warning  'MoveobjR' is defined but never used     no-unused-vars
   50:2   warning  Mixed spaces and tabs                    no-mixed-spaces-and-tabs
   51:1   warning  Mixed spaces and tabs                    no-mixed-spaces-and-tabs
   52:1   warning  Mixed spaces and tabs                    no-mixed-spaces-and-tabs
   53:2   warning  '$' is not defined                       no-undef
   64:1   warning  Mixed spaces and tabs                    no-mixed-spaces-and-tabs
   66:10  warning  'MoveobjL' is defined but never used     no-unused-vars
   68:2   warning  Mixed spaces and tabs                    no-mixed-spaces-and-tabs
   69:1   warning  Mixed spaces and tabs                    no-mixed-spaces-and-tabs
   70:1   warning  Mixed spaces and tabs                    no-mixed-spaces-and-tabs
   71:1   warning  Mixed spaces and tabs                    no-mixed-spaces-and-tabs
   71:3   warning  '$' is not defined                       no-undef
   72:1   warning  Mixed spaces and tabs                    no-mixed-spaces-and-tabs
   73:1   warning  Mixed spaces and tabs                    no-mixed-spaces-and-tabs
   85:10  warning  'calibrate' is defined but never used    no-unused-vars
   89:1   warning  Mixed spaces and tabs                    no-mixed-spaces-and-tabs
   90:1   warning  Mixed spaces and tabs                    no-mixed-spaces-and-tabs
   91:1   warning  Mixed spaces and tabs                    no-mixed-spaces-and-tabs
   92:1   warning  Mixed spaces and tabs                    no-mixed-spaces-and-tabs
   94:1   warning  Mixed spaces and tabs                    no-mixed-spaces-and-tabs
   95:1   warning  Mixed spaces and tabs                    no-mixed-spaces-and-tabs
   96:1   warning  Mixed spaces and tabs                    no-mixed-spaces-and-tabs
   97:1   warning  Mixed spaces and tabs                    no-mixed-spaces-and-tabs
   98:1   warning  Mixed spaces and tabs                    no-mixed-spaces-and-tabs
   99:1   warning  Mixed spaces and tabs                    no-mixed-spaces-and-tabs
  100:1   warning  Mixed spaces and tabs                    no-mixed-spaces-and-tabs
  101:1   warning  Mixed spaces and tabs                    no-mixed-spaces-and-tabs
  102:1   warning  Mixed spaces and tabs                    no-mixed-spaces-and-tabs
  103:1   warning  Mixed spaces and tabs                    no-mixed-spaces-and-tabs
  105:1   warning  Mixed spaces and tabs                    no-mixed-spaces-and-tabs
  106:1   warning  Mixed spaces and tabs                    no-mixed-spaces-and-tabs
  107:1   warning  Mixed spaces and tabs                    no-mixed-spaces-and-tabs
  108:1   warning  Mixed spaces and tabs                    no-mixed-spaces-and-tabs
  109:1   warning  Mixed spaces and tabs                    no-mixed-spaces-and-tabs
  112:5   warning  'c1' is assigned a value but never used  no-unused-vars
  112:10  warning  'c2' is assigned a value but never used  no-unused-vars
  112:15  warning  'c3' is assigned a value but never used  no-unused-vars
  112:20  warning  'c4' is assigned a value but never used  no-unused-vars
  112:25  warning  'c5' is assigned a value but never used  no-unused-vars
  112:30  warning  'c6' is assigned a value but never used  no-unused-vars
  112:35  warning  'c7' is assigned a value but never used  no-unused-vars
  112:40  warning  'c8' is assigned a value but never used  no-unused-vars
  112:45  warning  'c9' is assigned a value but never used  no-unused-vars
  114:10  warning  'ch1' is defined but never used          no-unused-vars
  115:1   warning  '$' is not defined                       no-undef
  117:10  warning  'ch2' is defined but never used          no-unused-vars
  118:1   warning  '$' is not defined                       no-undef
  121:10  warning  'ch3' is defined but never used          no-unused-vars
  122:1   warning  '$' is not defined                       no-undef
  125:10  warning  'ch4' is defined but never used          no-unused-vars
  126:1   warning  '$' is not defined                       no-undef
  129:10  warning  'ch5' is defined but never used          no-unused-vars
  130:1   warning  '$' is not defined                       no-undef
  133:10  warning  'ch6' is defined but never used          no-unused-vars
  134:1   warning  '$' is not defined                       no-undef
  137:10  warning  'ch7' is defined but never used          no-unused-vars
  138:1   warning  '$' is not defined                       no-undef
  141:10  warning  'ch8' is defined but never used          no-unused-vars
  142:1   warning  '$' is not defined                       no-undef
  144:10  warning  'ch9' is defined but never used          no-unused-vars
  145:1   warning  '$' is not defined                       no-undef
  148:10  warning  'Simulate' is defined but never used     no-unused-vars
  150:10  warning  '$' is not defined                       no-undef
  190:12  warning  'math' is not defined                    no-undef
  195:14  warning  'math' is not defined                    no-undef
  195:24  warning  'math' is not defined                    no-undef
  199:16  warning  'math' is not defined                    no-undef
  199:28  warning  'math' is not defined                    no-undef
  199:53  warning  'math' is not defined                    no-undef
  203:6   warning  'thetad' is already defined              no-redeclare
  203:15  warning  'math' is not defined                    no-undef
  203:27  warning  'math' is not defined                    no-undef
  203:52  warning  'math' is not defined                    no-undef
  205:1   warning  Mixed spaces and tabs                    no-mixed-spaces-and-tabs
  206:1   warning  Mixed spaces and tabs                    no-mixed-spaces-and-tabs
  206:15  warning  'math' is not defined                    no-undef
  207:1   warning  Mixed spaces and tabs                    no-mixed-spaces-and-tabs
  235:2   warning  '$' is not defined                       no-undef
  253:1   warning  Mixed spaces and tabs                    no-mixed-spaces-and-tabs
  253:3   warning  'nValue' is not defined                  no-undef
  254:2   warning  '$' is not defined                       no-undef
  254:24  warning  'nValue' is not defined                  no-undef
  271:10  warning  'CreateTable' is defined but never used  no-unused-vars
  275:14  warning  '$' is not defined                       no-undef
  304:10  warning  'Refresh' is defined but never used      no-unused-vars

✖ 93 problems (0 errors, 93 warnings)

